Analysis & Synthesis report for Actividad1_proyecto
Fri Oct 20 16:19:53 2017
Quartus Prime Version 16.0.0 Build 211 04/27/2016 SJ Lite Edition


---------------------
; Table of Contents ;
---------------------
  1. Legal Notice
  2. Analysis & Synthesis Summary
  3. Analysis & Synthesis Settings
  4. Parallel Compilation
  5. Analysis & Synthesis Source Files Read
  6. Analysis & Synthesis Resource Usage Summary
  7. Analysis & Synthesis Resource Utilization by Entity
  8. Analysis & Synthesis IP Cores Summary
  9. General Register Statistics
 10. Parameter Settings for User Entity Instance: Multiplexor:m1|lpm_mux:LPM_MUX_component
 11. Port Connectivity Checks: "temporizador:t1"
 12. Post-Synthesis Netlist Statistics for Top Partition
 13. Elapsed Time Per Partition
 14. Analysis & Synthesis Messages



----------------
; Legal Notice ;
----------------
Copyright (C) 1991-2016 Altera Corporation. All rights reserved.
Your use of Altera Corporation's design tools, logic functions 
and other software and tools, and its AMPP partner logic 
functions, and any output files from any of the foregoing 
(including device programming or simulation files), and any 
associated documentation or information are expressly subject 
to the terms and conditions of the Altera Program License 
Subscription Agreement, the Altera Quartus Prime License Agreement,
the Altera MegaCore Function License Agreement, or other 
applicable license agreement, including, without limitation, 
that your use is for the sole purpose of programming logic 
devices manufactured by Altera and sold by Altera or its 
authorized distributors.  Please refer to the applicable 
agreement for further details.



+-------------------------------------------------------------------------------+
; Analysis & Synthesis Summary                                                  ;
+---------------------------------+---------------------------------------------+
; Analysis & Synthesis Status     ; Successful - Fri Oct 20 16:19:53 2017       ;
; Quartus Prime Version           ; 16.0.0 Build 211 04/27/2016 SJ Lite Edition ;
; Revision Name                   ; Actividad1_proyecto                         ;
; Top-level Entity Name           ; Actividad1_proyecto                         ;
; Family                          ; Cyclone V                                   ;
; Logic utilization (in ALMs)     ; N/A                                         ;
; Total registers                 ; 32                                          ;
; Total pins                      ; 28                                          ;
; Total virtual pins              ; 0                                           ;
; Total block memory bits         ; 0                                           ;
; Total DSP Blocks                ; 0                                           ;
; Total HSSI RX PCSs              ; 0                                           ;
; Total HSSI PMA RX Deserializers ; 0                                           ;
; Total HSSI TX PCSs              ; 0                                           ;
; Total HSSI PMA TX Serializers   ; 0                                           ;
; Total PLLs                      ; 0                                           ;
; Total DLLs                      ; 0                                           ;
+---------------------------------+---------------------------------------------+


+-----------------------------------------------------------------------------------------------------------------------------+
; Analysis & Synthesis Settings                                                                                               ;
+---------------------------------------------------------------------------------+---------------------+---------------------+
; Option                                                                          ; Setting             ; Default Value       ;
+---------------------------------------------------------------------------------+---------------------+---------------------+
; Device                                                                          ; 5CSEMA5F31C6        ;                     ;
; Top-level entity name                                                           ; Actividad1_proyecto ; Actividad1_proyecto ;
; Family name                                                                     ; Cyclone V           ; Cyclone V           ;
; Use smart compilation                                                           ; Off                 ; Off                 ;
; Enable parallel Assembler and TimeQuest Timing Analyzer during compilation      ; On                  ; On                  ;
; Enable compact report table                                                     ; Off                 ; Off                 ;
; Restructure Multiplexers                                                        ; Auto                ; Auto                ;
; MLAB Add Timing Constraints For Mixed-Port Feed-Through Mode Setting Don't Care ; Off                 ; Off                 ;
; Create Debugging Nodes for IP Cores                                             ; Off                 ; Off                 ;
; Preserve fewer node names                                                       ; On                  ; On                  ;
; Disable OpenCore Plus hardware evaluation                                       ; Off                 ; Off                 ;
; Verilog Version                                                                 ; Verilog_2001        ; Verilog_2001        ;
; VHDL Version                                                                    ; VHDL_1993           ; VHDL_1993           ;
; State Machine Processing                                                        ; Auto                ; Auto                ;
; Safe State Machine                                                              ; Off                 ; Off                 ;
; Extract Verilog State Machines                                                  ; On                  ; On                  ;
; Extract VHDL State Machines                                                     ; On                  ; On                  ;
; Ignore Verilog initial constructs                                               ; Off                 ; Off                 ;
; Iteration limit for constant Verilog loops                                      ; 5000                ; 5000                ;
; Iteration limit for non-constant Verilog loops                                  ; 250                 ; 250                 ;
; Add Pass-Through Logic to Inferred RAMs                                         ; On                  ; On                  ;
; Infer RAMs from Raw Logic                                                       ; On                  ; On                  ;
; Parallel Synthesis                                                              ; On                  ; On                  ;
; DSP Block Balancing                                                             ; Auto                ; Auto                ;
; NOT Gate Push-Back                                                              ; On                  ; On                  ;
; Power-Up Don't Care                                                             ; On                  ; On                  ;
; Remove Redundant Logic Cells                                                    ; Off                 ; Off                 ;
; Remove Duplicate Registers                                                      ; On                  ; On                  ;
; Ignore CARRY Buffers                                                            ; Off                 ; Off                 ;
; Ignore CASCADE Buffers                                                          ; Off                 ; Off                 ;
; Ignore GLOBAL Buffers                                                           ; Off                 ; Off                 ;
; Ignore ROW GLOBAL Buffers                                                       ; Off                 ; Off                 ;
; Ignore LCELL Buffers                                                            ; Off                 ; Off                 ;
; Ignore SOFT Buffers                                                             ; On                  ; On                  ;
; Limit AHDL Integers to 32 Bits                                                  ; Off                 ; Off                 ;
; Optimization Technique                                                          ; Balanced            ; Balanced            ;
; Carry Chain Length                                                              ; 70                  ; 70                  ;
; Auto Carry Chains                                                               ; On                  ; On                  ;
; Auto Open-Drain Pins                                                            ; On                  ; On                  ;
; Perform WYSIWYG Primitive Resynthesis                                           ; Off                 ; Off                 ;
; Auto ROM Replacement                                                            ; On                  ; On                  ;
; Auto RAM Replacement                                                            ; On                  ; On                  ;
; Auto DSP Block Replacement                                                      ; On                  ; On                  ;
; Auto Shift Register Replacement                                                 ; Auto                ; Auto                ;
; Allow Shift Register Merging across Hierarchies                                 ; Auto                ; Auto                ;
; Auto Clock Enable Replacement                                                   ; On                  ; On                  ;
; Strict RAM Replacement                                                          ; Off                 ; Off                 ;
; Allow Synchronous Control Signals                                               ; On                  ; On                  ;
; Force Use of Synchronous Clear Signals                                          ; Off                 ; Off                 ;
; Auto Resource Sharing                                                           ; Off                 ; Off                 ;
; Allow Any RAM Size For Recognition                                              ; Off                 ; Off                 ;
; Allow Any ROM Size For Recognition                                              ; Off                 ; Off                 ;
; Allow Any Shift Register Size For Recognition                                   ; Off                 ; Off                 ;
; Use LogicLock Constraints during Resource Balancing                             ; On                  ; On                  ;
; Ignore translate_off and synthesis_off directives                               ; Off                 ; Off                 ;
; Timing-Driven Synthesis                                                         ; On                  ; On                  ;
; Report Parameter Settings                                                       ; On                  ; On                  ;
; Report Source Assignments                                                       ; On                  ; On                  ;
; Report Connectivity Checks                                                      ; On                  ; On                  ;
; Ignore Maximum Fan-Out Assignments                                              ; Off                 ; Off                 ;
; Synchronization Register Chain Length                                           ; 3                   ; 3                   ;
; PowerPlay Power Optimization During Synthesis                                   ; Normal compilation  ; Normal compilation  ;
; HDL message level                                                               ; Level2              ; Level2              ;
; Suppress Register Optimization Related Messages                                 ; Off                 ; Off                 ;
; Number of Removed Registers Reported in Synthesis Report                        ; 5000                ; 5000                ;
; Number of Swept Nodes Reported in Synthesis Report                              ; 5000                ; 5000                ;
; Number of Inverted Registers Reported in Synthesis Report                       ; 100                 ; 100                 ;
; Clock MUX Protection                                                            ; On                  ; On                  ;
; Auto Gated Clock Conversion                                                     ; Off                 ; Off                 ;
; Block Design Naming                                                             ; Auto                ; Auto                ;
; SDC constraint protection                                                       ; Off                 ; Off                 ;
; Synthesis Effort                                                                ; Auto                ; Auto                ;
; Shift Register Replacement - Allow Asynchronous Clear Signal                    ; On                  ; On                  ;
; Pre-Mapping Resynthesis Optimization                                            ; Off                 ; Off                 ;
; Analysis & Synthesis Message Level                                              ; Medium              ; Medium              ;
; Disable Register Merging Across Hierarchies                                     ; Auto                ; Auto                ;
; Resource Aware Inference For Block RAM                                          ; On                  ; On                  ;
; Synthesis Seed                                                                  ; 1                   ; 1                   ;
; Automatic Parallel Synthesis                                                    ; On                  ; On                  ;
; Partial Reconfiguration Bitstream ID                                            ; Off                 ; Off                 ;
+---------------------------------------------------------------------------------+---------------------+---------------------+


Parallel compilation was disabled, but you have multiple processors available. Enable parallel compilation to reduce compilation time.
+-------------------------------------+
; Parallel Compilation                ;
+----------------------------+--------+
; Processors                 ; Number ;
+----------------------------+--------+
; Number detected on machine ; 4      ;
; Maximum allowed            ; 1      ;
+----------------------------+--------+


+---------------------------------------------------------------------------------------------------------------------------------------------------------------------------+
; Analysis & Synthesis Source Files Read                                                                                                                                    ;
+----------------------------------+-----------------+------------------------------+-----------------------------------------------------------------------------+---------+
; File Name with User-Entered Path ; Used in Netlist ; File Type                    ; File Name with Absolute Path                                                ; Library ;
+----------------------------------+-----------------+------------------------------+-----------------------------------------------------------------------------+---------+
; ../Temporizador.v                ; yes             ; User Verilog HDL File        ; C:/Users/se/Desktop/labo04/Temporizador.v                                   ;         ;
; Actividad1_proyecto.v            ; yes             ; User Verilog HDL File        ; C:/Users/se/Desktop/labo04/act1/Actividad1_proyecto.v                       ;         ;
; Multiplexor.v                    ; yes             ; User Wizard-Generated File   ; C:/Users/se/Desktop/labo04/act1/Multiplexor.v                               ;         ;
; lpm_mux.tdf                      ; yes             ; Megafunction                 ; c:/programs/altera_lite/16.0/quartus/libraries/megafunctions/lpm_mux.tdf    ;         ;
; aglobal160.inc                   ; yes             ; Megafunction                 ; c:/programs/altera_lite/16.0/quartus/libraries/megafunctions/aglobal160.inc ;         ;
; muxlut.inc                       ; yes             ; Megafunction                 ; c:/programs/altera_lite/16.0/quartus/libraries/megafunctions/muxlut.inc     ;         ;
; bypassff.inc                     ; yes             ; Megafunction                 ; c:/programs/altera_lite/16.0/quartus/libraries/megafunctions/bypassff.inc   ;         ;
; altshift.inc                     ; yes             ; Megafunction                 ; c:/programs/altera_lite/16.0/quartus/libraries/megafunctions/altshift.inc   ;         ;
; db/mux_sjc.tdf                   ; yes             ; Auto-Generated Megafunction  ; C:/Users/se/Desktop/labo04/act1/db/mux_sjc.tdf                              ;         ;
+----------------------------------+-----------------+------------------------------+-----------------------------------------------------------------------------+---------+


+--------------------------------------------------------------+
; Analysis & Synthesis Resource Usage Summary                  ;
+---------------------------------------------+----------------+
; Resource                                    ; Usage          ;
+---------------------------------------------+----------------+
; Estimate of Logic utilization (ALMs needed) ; 19             ;
;                                             ;                ;
; Combinational ALUT usage for logic          ; 38             ;
;     -- 7 input functions                    ; 0              ;
;     -- 6 input functions                    ; 0              ;
;     -- 5 input functions                    ; 0              ;
;     -- 4 input functions                    ; 0              ;
;     -- <=3 input functions                  ; 38             ;
;                                             ;                ;
; Dedicated logic registers                   ; 32             ;
;                                             ;                ;
; I/O pins                                    ; 28             ;
;                                             ;                ;
; Total DSP Blocks                            ; 0              ;
;                                             ;                ;
; Maximum fan-out node                        ; CLOCK_50~input ;
; Maximum fan-out                             ; 32             ;
; Total fan-out                               ; 178            ;
; Average fan-out                             ; 1.41           ;
+---------------------------------------------+----------------+


+---------------------------------------------------------------------------------------------------------------------------------------------------------------------------------------------------------------------------------------------------------+
; Analysis & Synthesis Resource Utilization by Entity                                                                                                                                                                                                     ;
+-----------------------------------+-------------------+--------------+-------------------+------------+------+--------------+--------------------------------------------------------------------------------------+---------------------+--------------+
; Compilation Hierarchy Node        ; LC Combinationals ; LC Registers ; Block Memory Bits ; DSP Blocks ; Pins ; Virtual Pins ; Full Hierarchy Name                                                                  ; Entity Name         ; Library Name ;
+-----------------------------------+-------------------+--------------+-------------------+------------+------+--------------+--------------------------------------------------------------------------------------+---------------------+--------------+
; |Actividad1_proyecto              ; 38 (2)            ; 32 (0)       ; 0                 ; 0          ; 28   ; 0            ; |Actividad1_proyecto                                                                 ; Actividad1_proyecto ; work         ;
;    |Multiplexor:m1|               ; 4 (0)             ; 0 (0)        ; 0                 ; 0          ; 0    ; 0            ; |Actividad1_proyecto|Multiplexor:m1                                                  ; Multiplexor         ; work         ;
;       |lpm_mux:LPM_MUX_component| ; 4 (0)             ; 0 (0)        ; 0                 ; 0          ; 0    ; 0            ; |Actividad1_proyecto|Multiplexor:m1|lpm_mux:LPM_MUX_component                        ; lpm_mux             ; work         ;
;          |mux_sjc:auto_generated| ; 4 (4)             ; 0 (0)        ; 0                 ; 0          ; 0    ; 0            ; |Actividad1_proyecto|Multiplexor:m1|lpm_mux:LPM_MUX_component|mux_sjc:auto_generated ; mux_sjc             ; work         ;
;    |temporizador:t1|              ; 32 (32)           ; 32 (32)      ; 0                 ; 0          ; 0    ; 0            ; |Actividad1_proyecto|temporizador:t1                                                 ; temporizador        ; work         ;
+-----------------------------------+-------------------+--------------+-------------------+------------+------+--------------+--------------------------------------------------------------------------------------+---------------------+--------------+
Note: For table entries with two numbers listed, the numbers in parentheses indicate the number of resources of the given type used by the specific entity alone. The numbers listed outside of parentheses indicate the total resources of the given type used by the specific entity and all of its sub-entities in the hierarchy.


+-----------------------------------------------------------------------------------------------------------------------+
; Analysis & Synthesis IP Cores Summary                                                                                 ;
+--------+--------------+---------+--------------+--------------+-------------------------------------+-----------------+
; Vendor ; IP Core Name ; Version ; Release Date ; License Type ; Entity Instance                     ; IP Include File ;
+--------+--------------+---------+--------------+--------------+-------------------------------------+-----------------+
; Altera ; LPM_MUX      ; 16.0    ; N/A          ; N/A          ; |Actividad1_proyecto|Multiplexor:m1 ; Multiplexor.v   ;
+--------+--------------+---------+--------------+--------------+-------------------------------------+-----------------+


+------------------------------------------------------+
; General Register Statistics                          ;
+----------------------------------------------+-------+
; Statistic                                    ; Value ;
+----------------------------------------------+-------+
; Total registers                              ; 32    ;
; Number of registers using Synchronous Clear  ; 0     ;
; Number of registers using Synchronous Load   ; 0     ;
; Number of registers using Asynchronous Clear ; 0     ;
; Number of registers using Asynchronous Load  ; 0     ;
; Number of registers using Clock Enable       ; 0     ;
; Number of registers using Preset             ; 0     ;
+----------------------------------------------+-------+


+---------------------------------------------------------------------------------------+
; Parameter Settings for User Entity Instance: Multiplexor:m1|lpm_mux:LPM_MUX_component ;
+------------------------+-----------+--------------------------------------------------+
; Parameter Name         ; Value     ; Type                                             ;
+------------------------+-----------+--------------------------------------------------+
; AUTO_CARRY_CHAINS      ; ON        ; AUTO_CARRY                                       ;
; IGNORE_CARRY_BUFFERS   ; OFF       ; IGNORE_CARRY                                     ;
; AUTO_CASCADE_CHAINS    ; ON        ; AUTO_CASCADE                                     ;
; IGNORE_CASCADE_BUFFERS ; OFF       ; IGNORE_CASCADE                                   ;
; LPM_WIDTH              ; 4         ; Signed Integer                                   ;
; LPM_SIZE               ; 2         ; Signed Integer                                   ;
; LPM_WIDTHS             ; 1         ; Signed Integer                                   ;
; LPM_PIPELINE           ; 0         ; Untyped                                          ;
; CBXI_PARAMETER         ; mux_sjc   ; Untyped                                          ;
; DEVICE_FAMILY          ; Cyclone V ; Untyped                                          ;
+------------------------+-----------+--------------------------------------------------+
Note: In order to hide this table in the UI and the text report file, please set the "Show Parameter Settings in Synthesis Report" option in "Analysis and Synthesis Settings -> More Settings" to "Off".


+-------------------------------------------------------------------------------------------------------------------------+
; Port Connectivity Checks: "temporizador:t1"                                                                             ;
+---------------+--------+----------+-------------------------------------------------------------------------------------+
; Port          ; Type   ; Severity ; Details                                                                             ;
+---------------+--------+----------+-------------------------------------------------------------------------------------+
; salida[23..0] ; Output ; Info     ; Connected to dangling logic. Logic that only feeds a dangling port will be removed. ;
+---------------+--------+----------+-------------------------------------------------------------------------------------+


+-----------------------------------------------------+
; Post-Synthesis Netlist Statistics for Top Partition ;
+-----------------------+-----------------------------+
; Type                  ; Count                       ;
+-----------------------+-----------------------------+
; arriav_ff             ; 32                          ;
;     plain             ; 32                          ;
; arriav_lcell_comb     ; 40                          ;
;     arith             ; 31                          ;
;         1 data inputs ; 30                          ;
;         2 data inputs ; 1                           ;
;     normal            ; 9                           ;
;         0 data inputs ; 1                           ;
;         1 data inputs ; 2                           ;
;         2 data inputs ; 2                           ;
;         3 data inputs ; 4                           ;
; boundary_port         ; 28                          ;
;                       ;                             ;
; Max LUT depth         ; 4.00                        ;
; Average LUT depth     ; 2.74                        ;
+-----------------------+-----------------------------+


+-------------------------------+
; Elapsed Time Per Partition    ;
+----------------+--------------+
; Partition Name ; Elapsed Time ;
+----------------+--------------+
; Top            ; 00:00:01     ;
+----------------+--------------+


+-------------------------------+
; Analysis & Synthesis Messages ;
+-------------------------------+
Info: *******************************************************************
Info: Running Quartus Prime Analysis & Synthesis
    Info: Version 16.0.0 Build 211 04/27/2016 SJ Lite Edition
    Info: Processing started: Fri Oct 20 16:19:33 2017
Info: Command: quartus_map --read_settings_files=on --write_settings_files=off Actividad1_proyecto -c Actividad1_proyecto
Warning (20028): Parallel compilation is not licensed and has been disabled
Info (12021): Found 1 design units, including 1 entities, in source file /users/se/desktop/labo04/temporizador.v
    Info (12023): Found entity 1: temporizador File: C:/Users/se/Desktop/labo04/Temporizador.v Line: 1
Info (12021): Found 1 design units, including 1 entities, in source file actividad1_proyecto.v
    Info (12023): Found entity 1: Actividad1_proyecto File: C:/Users/se/Desktop/labo04/act1/Actividad1_proyecto.v Line: 6
Info (12021): Found 1 design units, including 1 entities, in source file multiplexor.v
    Info (12023): Found entity 1: Multiplexor File: C:/Users/se/Desktop/labo04/act1/Multiplexor.v Line: 40
Info (12127): Elaborating entity "Actividad1_proyecto" for the top level hierarchy
Warning (10034): Output port "LEDR[5..3]" at Actividad1_proyecto.v(18) has no driver File: C:/Users/se/Desktop/labo04/act1/Actividad1_proyecto.v Line: 18
Info (12128): Elaborating entity "temporizador" for hierarchy "temporizador:t1" File: C:/Users/se/Desktop/labo04/act1/Actividad1_proyecto.v Line: 41
Info (12128): Elaborating entity "Multiplexor" for hierarchy "Multiplexor:m1" File: C:/Users/se/Desktop/labo04/act1/Actividad1_proyecto.v Line: 48
Info (12128): Elaborating entity "lpm_mux" for hierarchy "Multiplexor:m1|lpm_mux:LPM_MUX_component" File: C:/Users/se/Desktop/labo04/act1/Multiplexor.v Line: 69
Info (12130): Elaborated megafunction instantiation "Multiplexor:m1|lpm_mux:LPM_MUX_component" File: C:/Users/se/Desktop/labo04/act1/Multiplexor.v Line: 69
Info (12133): Instantiated megafunction "Multiplexor:m1|lpm_mux:LPM_MUX_component" with the following parameter: File: C:/Users/se/Desktop/labo04/act1/Multiplexor.v Line: 69
    Info (12134): Parameter "lpm_size" = "2"
    Info (12134): Parameter "lpm_type" = "LPM_MUX"
    Info (12134): Parameter "lpm_width" = "4"
    Info (12134): Parameter "lpm_widths" = "1"
Info (12021): Found 1 design units, including 1 entities, in source file db/mux_sjc.tdf
    Info (12023): Found entity 1: mux_sjc File: C:/Users/se/Desktop/labo04/act1/db/mux_sjc.tdf Line: 23
Info (12128): Elaborating entity "mux_sjc" for hierarchy "Multiplexor:m1|lpm_mux:LPM_MUX_component|mux_sjc:auto_generated" File: c:/programs/altera_lite/16.0/quartus/libraries/megafunctions/lpm_mux.tdf Line: 87
Warning (13024): Output pins are stuck at VCC or GND
    Warning (13410): Pin "LEDR[3]" is stuck at GND File: C:/Users/se/Desktop/labo04/act1/Actividad1_proyecto.v Line: 18
    Warning (13410): Pin "LEDR[4]" is stuck at GND File: C:/Users/se/Desktop/labo04/act1/Actividad1_proyecto.v Line: 18
    Warning (13410): Pin "LEDR[5]" is stuck at GND File: C:/Users/se/Desktop/labo04/act1/Actividad1_proyecto.v Line: 18
Info (286030): Timing-Driven Synthesis is running
Info (16010): Generating hard_block partition "hard_block:auto_generated_inst"
    Info (16011): Adding 0 node(s), including 0 DDIO, 0 PLL, 0 transceiver and 0 LCELL
Warning (21074): Design contains 12 input pin(s) that do not drive logic
    Warning (15610): No output dependent on input pin "CLOCK2_50" File: C:/Users/se/Desktop/labo04/act1/Actividad1_proyecto.v Line: 10
    Warning (15610): No output dependent on input pin "CLOCK3_50" File: C:/Users/se/Desktop/labo04/act1/Actividad1_proyecto.v Line: 11
    Warning (15610): No output dependent on input pin "CLOCK4_50" File: C:/Users/se/Desktop/labo04/act1/Actividad1_proyecto.v Line: 12
    Warning (15610): No output dependent on input pin "KEY[0]" File: C:/Users/se/Desktop/labo04/act1/Actividad1_proyecto.v Line: 15
    Warning (15610): No output dependent on input pin "KEY[1]" File: C:/Users/se/Desktop/labo04/act1/Actividad1_proyecto.v Line: 15
    Warning (15610): No output dependent on input pin "KEY[2]" File: C:/Users/se/Desktop/labo04/act1/Actividad1_proyecto.v Line: 15
    Warning (15610): No output dependent on input pin "KEY[3]" File: C:/Users/se/Desktop/labo04/act1/Actividad1_proyecto.v Line: 15
    Warning (15610): No output dependent on input pin "SW[5]" File: C:/Users/se/Desktop/labo04/act1/Actividad1_proyecto.v Line: 22
    Warning (15610): No output dependent on input pin "SW[6]" File: C:/Users/se/Desktop/labo04/act1/Actividad1_proyecto.v Line: 22
    Warning (15610): No output dependent on input pin "SW[7]" File: C:/Users/se/Desktop/labo04/act1/Actividad1_proyecto.v Line: 22
    Warning (15610): No output dependent on input pin "SW[8]" File: C:/Users/se/Desktop/labo04/act1/Actividad1_proyecto.v Line: 22
    Warning (15610): No output dependent on input pin "SW[9]" File: C:/Users/se/Desktop/labo04/act1/Actividad1_proyecto.v Line: 22
Info (21057): Implemented 66 device resources after synthesis - the final resource count might be different
    Info (21058): Implemented 18 input pins
    Info (21059): Implemented 10 output pins
    Info (21061): Implemented 38 logic cells
Info: Quartus Prime Analysis & Synthesis was successful. 0 errors, 19 warnings
    Info: Peak virtual memory: 905 megabytes
    Info: Processing ended: Fri Oct 20 16:19:53 2017
    Info: Elapsed time: 00:00:20
    Info: Total CPU time (on all processors): 00:00:38


